<?xml version="1.0" encoding="UTF-8"?>
<testsuite xmlns:xsi="http://www.w3.org/2001/XMLSchema-instance" xsi:noNamespaceSchemaLocation="https://maven.apache.org/surefire/maven-surefire-plugin/xsd/surefire-test-report.xsd" name="TestSuite" time="256.332" tests="4" errors="0" skipped="3" failures="1">
  <properties>
    <property name="sun.desktop" value="windows"/>
    <property name="awt.toolkit" value="sun.awt.windows.WToolkit"/>
    <property name="file.encoding.pkg" value="sun.io"/>
    <property name="java.specification.version" value="1.8"/>
    <property name="sun.cpu.isalist" value="amd64"/>
    <property name="sun.jnu.encoding" value="Cp1252"/>
    <property name="java.class.path" value="C:\Users\Nilesh\workspace\QAClickAcademy\target\test-classes;C:\Users\Nilesh\workspace\QAClickAcademy\target\classes;C:\Users\Nilesh\.m2\repository\org\seleniumhq\selenium\selenium-java\3.12.0\selenium-java-3.12.0.jar;C:\Users\Nilesh\.m2\repository\org\seleniumhq\selenium\selenium-api\3.12.0\selenium-api-3.12.0.jar;C:\Users\Nilesh\.m2\repository\org\seleniumhq\selenium\selenium-chrome-driver\3.12.0\selenium-chrome-driver-3.12.0.jar;C:\Users\Nilesh\.m2\repository\org\seleniumhq\selenium\selenium-edge-driver\3.12.0\selenium-edge-driver-3.12.0.jar;C:\Users\Nilesh\.m2\repository\org\seleniumhq\selenium\selenium-firefox-driver\3.12.0\selenium-firefox-driver-3.12.0.jar;C:\Users\Nilesh\.m2\repository\org\seleniumhq\selenium\selenium-ie-driver\3.12.0\selenium-ie-driver-3.12.0.jar;C:\Users\Nilesh\.m2\repository\org\seleniumhq\selenium\selenium-opera-driver\3.12.0\selenium-opera-driver-3.12.0.jar;C:\Users\Nilesh\.m2\repository\org\seleniumhq\selenium\selenium-remote-driver\3.12.0\selenium-remote-driver-3.12.0.jar;C:\Users\Nilesh\.m2\repository\org\seleniumhq\selenium\selenium-safari-driver\3.12.0\selenium-safari-driver-3.12.0.jar;C:\Users\Nilesh\.m2\repository\org\seleniumhq\selenium\selenium-support\3.12.0\selenium-support-3.12.0.jar;C:\Users\Nilesh\.m2\repository\net\bytebuddy\byte-buddy\1.8.3\byte-buddy-1.8.3.jar;C:\Users\Nilesh\.m2\repository\org\apache\commons\commons-exec\1.3\commons-exec-1.3.jar;C:\Users\Nilesh\.m2\repository\commons-codec\commons-codec\1.10\commons-codec-1.10.jar;C:\Users\Nilesh\.m2\repository\commons-logging\commons-logging\1.2\commons-logging-1.2.jar;C:\Users\Nilesh\.m2\repository\com\google\code\gson\gson\2.8.2\gson-2.8.2.jar;C:\Users\Nilesh\.m2\repository\com\google\guava\guava\23.6-jre\guava-23.6-jre.jar;C:\Users\Nilesh\.m2\repository\com\google\code\findbugs\jsr305\1.3.9\jsr305-1.3.9.jar;C:\Users\Nilesh\.m2\repository\org\checkerframework\checker-compat-qual\2.0.0\checker-compat-qual-2.0.0.jar;C:\Users\Nilesh\.m2\repository\com\google\errorprone\error_prone_annotations\2.1.3\error_prone_annotations-2.1.3.jar;C:\Users\Nilesh\.m2\repository\com\google\j2objc\j2objc-annotations\1.1\j2objc-annotations-1.1.jar;C:\Users\Nilesh\.m2\repository\org\codehaus\mojo\animal-sniffer-annotations\1.14\animal-sniffer-annotations-1.14.jar;C:\Users\Nilesh\.m2\repository\org\apache\httpcomponents\httpclient\4.5.3\httpclient-4.5.3.jar;C:\Users\Nilesh\.m2\repository\org\apache\httpcomponents\httpcore\4.4.6\httpcore-4.4.6.jar;C:\Users\Nilesh\.m2\repository\com\squareup\okhttp3\okhttp\3.9.1\okhttp-3.9.1.jar;C:\Users\Nilesh\.m2\repository\com\squareup\okio\okio\1.13.0\okio-1.13.0.jar;C:\Users\Nilesh\.m2\repository\org\testng\testng\6.14.3\testng-6.14.3.jar;C:\Users\Nilesh\.m2\repository\com\beust\jcommander\1.72\jcommander-1.72.jar;C:\Users\Nilesh\.m2\repository\org\apache-extras\beanshell\bsh\2.0b6\bsh-2.0b6.jar;C:\Users\Nilesh\.m2\repository\org\apache\poi\poi\3.16\poi-3.16.jar;C:\Users\Nilesh\.m2\repository\org\apache\commons\commons-collections4\4.1\commons-collections4-4.1.jar;C:\Users\Nilesh\.m2\repository\org\apache\poi\poi-ooxml\3.16\poi-ooxml-3.16.jar;C:\Users\Nilesh\.m2\repository\org\apache\poi\poi-ooxml-schemas\3.16\poi-ooxml-schemas-3.16.jar;C:\Users\Nilesh\.m2\repository\org\apache\xmlbeans\xmlbeans\2.6.0\xmlbeans-2.6.0.jar;C:\Users\Nilesh\.m2\repository\stax\stax-api\1.0.1\stax-api-1.0.1.jar;C:\Users\Nilesh\.m2\repository\com\github\virtuald\curvesapi\1.04\curvesapi-1.04.jar;C:\Users\Nilesh\.m2\repository\org\apache\logging\log4j\log4j-api\2.11.0\log4j-api-2.11.0.jar;C:\Users\Nilesh\.m2\repository\com\relevantcodes\extentreports\2.41.2\extentreports-2.41.2.jar;C:\Users\Nilesh\.m2\repository\org\jsoup\jsoup\1.8.3\jsoup-1.8.3.jar;C:\Users\Nilesh\.m2\repository\org\xerial\sqlite-jdbc\3.8.11.1\sqlite-jdbc-3.8.11.1.jar;C:\Users\Nilesh\.m2\repository\org\freemarker\freemarker\2.3.23\freemarker-2.3.23.jar;C:\Users\Nilesh\.m2\repository\org\mongodb\mongodb-driver\3.0.4\mongodb-driver-3.0.4.jar;C:\Users\Nilesh\.m2\repository\org\mongodb\bson\3.0.4\bson-3.0.4.jar;C:\Users\Nilesh\.m2\repository\org\mongodb\mongodb-driver-core\3.0.4\mongodb-driver-core-3.0.4.jar;C:\Users\Nilesh\.m2\repository\org\apache\maven\surefire\surefire-testng-utils\2.22.0\surefire-testng-utils-2.22.0.jar;C:\Users\Nilesh\.m2\repository\org\apache\maven\surefire\surefire-grouper\2.22.0\surefire-grouper-2.22.0.jar;"/>
    <property name="java.vm.vendor" value="Oracle Corporation"/>
    <property name="sun.arch.data.model" value="64"/>
    <property name="user.variant" value=""/>
    <property name="java.vendor.url" value="http://java.oracle.com/"/>
    <property name="user.timezone" value="Asia/Calcutta"/>
    <property name="java.vm.specification.version" value="1.8"/>
    <property name="os.name" value="Windows 8"/>
    <property name="user.country" value="IN"/>
    <property name="sun.java.launcher" value="SUN_STANDARD"/>
    <property name="sun.boot.library.path" value="C:\Program Files\Java\jdk1.8.0_112\jre\bin"/>
    <property name="sun.java.command" value="C:\Users\Nilesh\AppData\Local\Temp\surefire4767175529695879559\surefirebooter8817777119040037313.jar C:\Users\Nilesh\AppData\Local\Temp\surefire4767175529695879559 2018-07-04T09-06-01_394-jvmRun1 surefire7017690081786069850tmp surefire_0505504998608899354tmp"/>
    <property name="surefire.test.class.path" value="C:\Users\Nilesh\workspace\QAClickAcademy\target\test-classes;C:\Users\Nilesh\workspace\QAClickAcademy\target\classes;C:\Users\Nilesh\.m2\repository\org\seleniumhq\selenium\selenium-java\3.12.0\selenium-java-3.12.0.jar;C:\Users\Nilesh\.m2\repository\org\seleniumhq\selenium\selenium-api\3.12.0\selenium-api-3.12.0.jar;C:\Users\Nilesh\.m2\repository\org\seleniumhq\selenium\selenium-chrome-driver\3.12.0\selenium-chrome-driver-3.12.0.jar;C:\Users\Nilesh\.m2\repository\org\seleniumhq\selenium\selenium-edge-driver\3.12.0\selenium-edge-driver-3.12.0.jar;C:\Users\Nilesh\.m2\repository\org\seleniumhq\selenium\selenium-firefox-driver\3.12.0\selenium-firefox-driver-3.12.0.jar;C:\Users\Nilesh\.m2\repository\org\seleniumhq\selenium\selenium-ie-driver\3.12.0\selenium-ie-driver-3.12.0.jar;C:\Users\Nilesh\.m2\repository\org\seleniumhq\selenium\selenium-opera-driver\3.12.0\selenium-opera-driver-3.12.0.jar;C:\Users\Nilesh\.m2\repository\org\seleniumhq\selenium\selenium-remote-driver\3.12.0\selenium-remote-driver-3.12.0.jar;C:\Users\Nilesh\.m2\repository\org\seleniumhq\selenium\selenium-safari-driver\3.12.0\selenium-safari-driver-3.12.0.jar;C:\Users\Nilesh\.m2\repository\org\seleniumhq\selenium\selenium-support\3.12.0\selenium-support-3.12.0.jar;C:\Users\Nilesh\.m2\repository\net\bytebuddy\byte-buddy\1.8.3\byte-buddy-1.8.3.jar;C:\Users\Nilesh\.m2\repository\org\apache\commons\commons-exec\1.3\commons-exec-1.3.jar;C:\Users\Nilesh\.m2\repository\commons-codec\commons-codec\1.10\commons-codec-1.10.jar;C:\Users\Nilesh\.m2\repository\commons-logging\commons-logging\1.2\commons-logging-1.2.jar;C:\Users\Nilesh\.m2\repository\com\google\code\gson\gson\2.8.2\gson-2.8.2.jar;C:\Users\Nilesh\.m2\repository\com\google\guava\guava\23.6-jre\guava-23.6-jre.jar;C:\Users\Nilesh\.m2\repository\com\google\code\findbugs\jsr305\1.3.9\jsr305-1.3.9.jar;C:\Users\Nilesh\.m2\repository\org\checkerframework\checker-compat-qual\2.0.0\checker-compat-qual-2.0.0.jar;C:\Users\Nilesh\.m2\repository\com\google\errorprone\error_prone_annotations\2.1.3\error_prone_annotations-2.1.3.jar;C:\Users\Nilesh\.m2\repository\com\google\j2objc\j2objc-annotations\1.1\j2objc-annotations-1.1.jar;C:\Users\Nilesh\.m2\repository\org\codehaus\mojo\animal-sniffer-annotations\1.14\animal-sniffer-annotations-1.14.jar;C:\Users\Nilesh\.m2\repository\org\apache\httpcomponents\httpclient\4.5.3\httpclient-4.5.3.jar;C:\Users\Nilesh\.m2\repository\org\apache\httpcomponents\httpcore\4.4.6\httpcore-4.4.6.jar;C:\Users\Nilesh\.m2\repository\com\squareup\okhttp3\okhttp\3.9.1\okhttp-3.9.1.jar;C:\Users\Nilesh\.m2\repository\com\squareup\okio\okio\1.13.0\okio-1.13.0.jar;C:\Users\Nilesh\.m2\repository\org\testng\testng\6.14.3\testng-6.14.3.jar;C:\Users\Nilesh\.m2\repository\com\beust\jcommander\1.72\jcommander-1.72.jar;C:\Users\Nilesh\.m2\repository\org\apache-extras\beanshell\bsh\2.0b6\bsh-2.0b6.jar;C:\Users\Nilesh\.m2\repository\org\apache\poi\poi\3.16\poi-3.16.jar;C:\Users\Nilesh\.m2\repository\org\apache\commons\commons-collections4\4.1\commons-collections4-4.1.jar;C:\Users\Nilesh\.m2\repository\org\apache\poi\poi-ooxml\3.16\poi-ooxml-3.16.jar;C:\Users\Nilesh\.m2\repository\org\apache\poi\poi-ooxml-schemas\3.16\poi-ooxml-schemas-3.16.jar;C:\Users\Nilesh\.m2\repository\org\apache\xmlbeans\xmlbeans\2.6.0\xmlbeans-2.6.0.jar;C:\Users\Nilesh\.m2\repository\stax\stax-api\1.0.1\stax-api-1.0.1.jar;C:\Users\Nilesh\.m2\repository\com\github\virtuald\curvesapi\1.04\curvesapi-1.04.jar;C:\Users\Nilesh\.m2\repository\org\apache\logging\log4j\log4j-api\2.11.0\log4j-api-2.11.0.jar;C:\Users\Nilesh\.m2\repository\com\relevantcodes\extentreports\2.41.2\extentreports-2.41.2.jar;C:\Users\Nilesh\.m2\repository\org\jsoup\jsoup\1.8.3\jsoup-1.8.3.jar;C:\Users\Nilesh\.m2\repository\org\xerial\sqlite-jdbc\3.8.11.1\sqlite-jdbc-3.8.11.1.jar;C:\Users\Nilesh\.m2\repository\org\freemarker\freemarker\2.3.23\freemarker-2.3.23.jar;C:\Users\Nilesh\.m2\repository\org\mongodb\mongodb-driver\3.0.4\mongodb-driver-3.0.4.jar;C:\Users\Nilesh\.m2\repository\org\mongodb\bson\3.0.4\bson-3.0.4.jar;C:\Users\Nilesh\.m2\repository\org\mongodb\mongodb-driver-core\3.0.4\mongodb-driver-core-3.0.4.jar;C:\Users\Nilesh\.m2\repository\org\apache\maven\surefire\surefire-testng-utils\2.22.0\surefire-testng-utils-2.22.0.jar;C:\Users\Nilesh\.m2\repository\org\apache\maven\surefire\surefire-grouper\2.22.0\surefire-grouper-2.22.0.jar;"/>
    <property name="sun.cpu.endian" value="little"/>
    <property name="user.home" value="C:\Users\Nilesh"/>
    <property name="user.language" value="en"/>
    <property name="java.specification.vendor" value="Oracle Corporation"/>
    <property name="java.home" value="C:\Program Files\Java\jdk1.8.0_112\jre"/>
    <property name="basedir" value="C:\Users\Nilesh\workspace\QAClickAcademy"/>
    <property name="file.separator" value="\"/>
    <property name="line.separator" value="&#10;"/>
    <property name="java.vm.specification.vendor" value="Oracle Corporation"/>
    <property name="java.specification.name" value="Java Platform API Specification"/>
    <property name="java.awt.graphicsenv" value="sun.awt.Win32GraphicsEnvironment"/>
    <property name="surefire.real.class.path" value="C:\Users\Nilesh\AppData\Local\Temp\surefire4767175529695879559\surefirebooter8817777119040037313.jar"/>
    <property name="sun.boot.class.path" value="C:\Program Files\Java\jdk1.8.0_112\jre\lib\resources.jar;C:\Program Files\Java\jdk1.8.0_112\jre\lib\rt.jar;C:\Program Files\Java\jdk1.8.0_112\jre\lib\sunrsasign.jar;C:\Program Files\Java\jdk1.8.0_112\jre\lib\jsse.jar;C:\Program Files\Java\jdk1.8.0_112\jre\lib\jce.jar;C:\Program Files\Java\jdk1.8.0_112\jre\lib\charsets.jar;C:\Program Files\Java\jdk1.8.0_112\jre\lib\jfr.jar;C:\Program Files\Java\jdk1.8.0_112\jre\classes"/>
    <property name="user.script" value=""/>
    <property name="sun.management.compiler" value="HotSpot 64-Bit Tiered Compilers"/>
    <property name="java.runtime.version" value="1.8.0_112-b15"/>
    <property name="user.name" value="Nilesh"/>
    <property name="path.separator" value=";"/>
    <property name="os.version" value="6.2"/>
    <property name="java.endorsed.dirs" value="C:\Program Files\Java\jdk1.8.0_112\jre\lib\endorsed"/>
    <property name="java.runtime.name" value="Java(TM) SE Runtime Environment"/>
    <property name="file.encoding" value="Cp1252"/>
    <property name="java.vm.name" value="Java HotSpot(TM) 64-Bit Server VM"/>
    <property name="localRepository" value="C:\Users\Nilesh\.m2\repository"/>
    <property name="java.vendor.url.bug" value="http://bugreport.sun.com/bugreport/"/>
    <property name="java.io.tmpdir" value="C:\Users\Nilesh\AppData\Local\Temp\"/>
    <property name="java.version" value="1.8.0_112"/>
    <property name="user.dir" value="C:\Users\Nilesh\workspace\QAClickAcademy"/>
    <property name="os.arch" value="amd64"/>
    <property name="java.vm.specification.name" value="Java Virtual Machine Specification"/>
    <property name="java.awt.printerjob" value="sun.awt.windows.WPrinterJob"/>
    <property name="sun.os.patch.level" value=""/>
    <property name="java.library.path" value="C:\Program Files\Java\jdk1.8.0_112\jre\bin;C:\Windows\Sun\Java\bin;C:\Windows\system32;C:\Windows;C:\Program Files\Java\jdk1.8.0_112\bin;C:\ProgramData\Oracle\Java\javapath;c:\Program Files (x86)\AMD APP\bin\x86_64;c:\Program Files (x86)\AMD APP\bin\x86;c:\Program Files (x86)\Intel\iCLS Client\;c:\Program Files\Intel\iCLS Client\;C:\Windows\system32;C:\Windows;C:\Windows\System32\Wbem;C:\Windows\System32\WindowsPowerShell\v1.0\;C:\Program Files\Intel\Intel(R) Management Engine Components\DAL;C:\Program Files\Intel\Intel(R) Management Engine Components\IPT;C:\Program Files (x86)\Intel\Intel(R) Management Engine Components\DAL;C:\Program Files (x86)\Intel\Intel(R) Management Engine Components\IPT;c:\Program Files (x86)\ATI Technologies\ATI.ACE\Core-Static;C:\Program Files (x86)\Windows Live\Shared;C:\Program Files\Java\jre1.8.0_112\bin;C:\Program Files\Git\cmd;C:\Program Files\PuTTY\;C:\Users\Nilesh\AppData\Local\Programs\Python\Python36-32\Scripts\;C:\Users\Nilesh\AppData\Local\Programs\Python\Python36-32\;C:\Devtools\WebService for practice\axis2-1.6.2\axis2-1.6.2\bin;C:\Program Files (x86)\apache-maven-3.0.5-bin\apache-maven-3.0.5\bin;."/>
    <property name="java.vm.info" value="mixed mode"/>
    <property name="java.vendor" value="Oracle Corporation"/>
    <property name="java.vm.version" value="25.112-b15"/>
    <property name="java.ext.dirs" value="C:\Program Files\Java\jdk1.8.0_112\jre\lib\ext;C:\Windows\Sun\Java\lib\ext"/>
    <property name="sun.io.unicode.encoding" value="UnicodeLittle"/>
    <property name="java.class.version" value="52.0"/>
  </properties>
  <testcase name="InvalidLoginTest" classname="com.qaclickacademy.tests.LoginTest" time="0">
    <skipped message="invalid selector: Unable to locate an element with the xpath expression //div[contains(text(),&apos;Invalid&apos;]) because of the following error:&#10;SyntaxError: Failed to execute &apos;evaluate&apos; on &apos;Document&apos;: The string &apos;//div[contains(text(),&apos;Invalid&apos;])&apos; is not a valid XPath expression.&#10;  (Session info: chrome=66.0.3359.139)&#10;  (Driver info: chromedriver=2.36.540470 (e522d04694c7ebea4ba8821272dbef4f9b818c91),platform=Windows NT 6.2.9200 x86_64) (WARNING: The server did not provide any stacktrace information)&#10;Command duration or timeout: 0 milliseconds&#10;For documentation on this error, please visit: http://seleniumhq.org/exceptions/invalid_selector_exception.html&#10;Build info: version: &apos;3.12.0&apos;, revision: &apos;7c6e0b3&apos;, time: &apos;2018-05-08T14:04:26.12Z&apos;&#10;System info: host: &apos;MYDELLLAPTOP&apos;, ip: &apos;192.168.43.83&apos;, os.name: &apos;Windows 8&apos;, os.arch: &apos;amd64&apos;, os.version: &apos;6.2&apos;, java.version: &apos;1.8.0_112&apos;&#10;Driver info: org.openqa.selenium.chrome.ChromeDriver&#10;Capabilities {acceptInsecureCerts: false, acceptSslCerts: false, applicationCacheEnabled: false, browserConnectionEnabled: false, browserName: chrome, chrome: {chromedriverVersion: 2.36.540470 (e522d04694c7eb..., userDataDir: C:\Users\Nilesh\AppData\Loc...}, cssSelectorsEnabled: true, databaseEnabled: false, handlesAlerts: true, hasTouchScreen: false, javascriptEnabled: true, locationContextEnabled: true, mobileEmulationEnabled: false, nativeEvents: true, networkConnectionEnabled: false, pageLoadStrategy: normal, platform: XP, platformName: XP, rotatable: false, setWindowRect: true, takesHeapSnapshot: true, takesScreenshot: true, unexpectedAlertBehaviour: , unhandledPromptBehavior: , version: 66.0.3359.139, webStorageEnabled: true}&#10;Session ID: 4d5cf1b3eb041481d8a182bd1678662c&#10;*** Element info: {Using=xpath, value=//div[contains(text(),&apos;Invalid&apos;])}"/>
    <system-out><![CDATA[Before navigating to: 'http://www.qaclickacademy.com/'
Navigated to:'http://www.qaclickacademy.com/'
Trying to find Element By : By.xpath: //*[@id='homepage']/div[5]/div[2]/div/div/div/span/div/div[6]/div/div/button
Found Element By : By.xpath: //*[@id='homepage']/div[5]/div[2]/div/div/div/span/div/div[6]/div/div/button
Trying to click on: [[ChromeDriver: chrome on XP (4d5cf1b3eb041481d8a182bd1678662c)] -> xpath: //*[@id='homepage']/div[5]/div[2]/div/div/div/span/div/div[6]/div/div/button]
Clicked on: [[ChromeDriver: chrome on XP (4d5cf1b3eb041481d8a182bd1678662c)] -> xpath: //*[@id='homepage']/div[5]/div[2]/div/div/div/span/div/div[6]/div/div/button]
Trying to find Element By : By.xpath: //span[contains(text(),'Login')]
Found Element By : By.xpath: //span[contains(text(),'Login')]
Trying to click on: [[ChromeDriver: chrome on XP (4d5cf1b3eb041481d8a182bd1678662c)] -> xpath: //span[contains(text(),'Login')]]
Clicked on: [[ChromeDriver: chrome on XP (4d5cf1b3eb041481d8a182bd1678662c)] -> xpath: //span[contains(text(),'Login')]]
Trying to find Element By : By.id: user_email
Found Element By : By.id: user_email
Trying to find Element By : By.id: user_password
Found Element By : By.id: user_password
Trying to find Element By : By.xpath: //input[@type='submit']
Found Element By : By.xpath: //input[@type='submit']
Trying to click on: [[ChromeDriver: chrome on XP (4d5cf1b3eb041481d8a182bd1678662c)] -> xpath: //input[@type='submit']]
Clicked on: [[ChromeDriver: chrome on XP (4d5cf1b3eb041481d8a182bd1678662c)] -> xpath: //input[@type='submit']]
Trying to find Element By : By.xpath: //div[contains(text(),'Invalid'])
Exception occured: org.openqa.selenium.InvalidSelectorException: invalid selector: Unable to locate an element with the xpath expression //div[contains(text(),'Invalid']) because of the following error:
SyntaxError: Failed to execute 'evaluate' on 'Document': The string '//div[contains(text(),'Invalid'])' is not a valid XPath expression.
  (Session info: chrome=66.0.3359.139)
  (Driver info: chromedriver=2.36.540470 (e522d04694c7ebea4ba8821272dbef4f9b818c91),platform=Windows NT 6.2.9200 x86_64) (WARNING: The server did not provide any stacktrace information)
Command duration or timeout: 0 milliseconds
For documentation on this error, please visit: http://seleniumhq.org/exceptions/invalid_selector_exception.html
Build info: version: '3.12.0', revision: '7c6e0b3', time: '2018-05-08T14:04:26.12Z'
System info: host: 'MYDELLLAPTOP', ip: '192.168.43.83', os.name: 'Windows 8', os.arch: 'amd64', os.version: '6.2', java.version: '1.8.0_112'
Driver info: org.openqa.selenium.chrome.ChromeDriver
Capabilities {acceptInsecureCerts: false, acceptSslCerts: false, applicationCacheEnabled: false, browserConnectionEnabled: false, browserName: chrome, chrome: {chromedriverVersion: 2.36.540470 (e522d04694c7eb..., userDataDir: C:\Users\Nilesh\AppData\Loc...}, cssSelectorsEnabled: true, databaseEnabled: false, handlesAlerts: true, hasTouchScreen: false, javascriptEnabled: true, locationContextEnabled: true, mobileEmulationEnabled: false, nativeEvents: true, networkConnectionEnabled: false, pageLoadStrategy: normal, platform: XP, platformName: XP, rotatable: false, setWindowRect: true, takesHeapSnapshot: true, takesScreenshot: true, unexpectedAlertBehaviour: , unhandledPromptBehavior: , version: 66.0.3359.139, webStorageEnabled: true}
Session ID: 4d5cf1b3eb041481d8a182bd1678662c
*** Element info: {Using=xpath, value=//div[contains(text(),'Invalid'])}
]]></system-out>
    <system-err><![CDATA[Starting ChromeDriver 2.36.540470 (e522d04694c7ebea4ba8821272dbef4f9b818c91) on port 14224
Only local connections are allowed.
Jul 04, 2018 9:06:07 AM org.openqa.selenium.remote.ProtocolHandshake createSession
INFO: Detected dialect: OSS
]]></system-err>
  </testcase>
  <testcase name="InvalidLoginTest" classname="com.qaclickacademy.tests.LoginTest" time="0">
    <skipped message="invalid selector: Unable to locate an element with the xpath expression //div[contains(text(),&apos;Invalid&apos;]) because of the following error:&#10;SyntaxError: Failed to execute &apos;evaluate&apos; on &apos;Document&apos;: The string &apos;//div[contains(text(),&apos;Invalid&apos;])&apos; is not a valid XPath expression.&#10;  (Session info: chrome=66.0.3359.139)&#10;  (Driver info: chromedriver=2.36.540470 (e522d04694c7ebea4ba8821272dbef4f9b818c91),platform=Windows NT 6.2.9200 x86_64) (WARNING: The server did not provide any stacktrace information)&#10;Command duration or timeout: 0 milliseconds&#10;For documentation on this error, please visit: http://seleniumhq.org/exceptions/invalid_selector_exception.html&#10;Build info: version: &apos;3.12.0&apos;, revision: &apos;7c6e0b3&apos;, time: &apos;2018-05-08T14:04:26.12Z&apos;&#10;System info: host: &apos;MYDELLLAPTOP&apos;, ip: &apos;192.168.43.83&apos;, os.name: &apos;Windows 8&apos;, os.arch: &apos;amd64&apos;, os.version: &apos;6.2&apos;, java.version: &apos;1.8.0_112&apos;&#10;Driver info: org.openqa.selenium.chrome.ChromeDriver&#10;Capabilities {acceptInsecureCerts: false, acceptSslCerts: false, applicationCacheEnabled: false, browserConnectionEnabled: false, browserName: chrome, chrome: {chromedriverVersion: 2.36.540470 (e522d04694c7eb..., userDataDir: C:\Users\Nilesh\AppData\Loc...}, cssSelectorsEnabled: true, databaseEnabled: false, handlesAlerts: true, hasTouchScreen: false, javascriptEnabled: true, locationContextEnabled: true, mobileEmulationEnabled: false, nativeEvents: true, networkConnectionEnabled: false, pageLoadStrategy: normal, platform: XP, platformName: XP, rotatable: false, setWindowRect: true, takesHeapSnapshot: true, takesScreenshot: true, unexpectedAlertBehaviour: , unhandledPromptBehavior: , version: 66.0.3359.139, webStorageEnabled: true}&#10;Session ID: c8b4235632a7aa1bf40767ef68249ff0&#10;*** Element info: {Using=xpath, value=//div[contains(text(),&apos;Invalid&apos;])}"/>
    <system-out><![CDATA[Before navigating to: 'http://www.qaclickacademy.com/'
Navigated to:'http://www.qaclickacademy.com/'
Trying to find Element By : By.xpath: //*[@id='homepage']/div[5]/div[2]/div/div/div/span/div/div[6]/div/div/button
Found Element By : By.xpath: //*[@id='homepage']/div[5]/div[2]/div/div/div/span/div/div[6]/div/div/button
Trying to click on: [[ChromeDriver: chrome on XP (c8b4235632a7aa1bf40767ef68249ff0)] -> xpath: //*[@id='homepage']/div[5]/div[2]/div/div/div/span/div/div[6]/div/div/button]
Clicked on: [[ChromeDriver: chrome on XP (c8b4235632a7aa1bf40767ef68249ff0)] -> xpath: //*[@id='homepage']/div[5]/div[2]/div/div/div/span/div/div[6]/div/div/button]
Trying to find Element By : By.xpath: //span[contains(text(),'Login')]
Found Element By : By.xpath: //span[contains(text(),'Login')]
Trying to click on: [[ChromeDriver: chrome on XP (c8b4235632a7aa1bf40767ef68249ff0)] -> xpath: //span[contains(text(),'Login')]]
Clicked on: [[ChromeDriver: chrome on XP (c8b4235632a7aa1bf40767ef68249ff0)] -> xpath: //span[contains(text(),'Login')]]
Trying to find Element By : By.id: user_email
Found Element By : By.id: user_email
Trying to find Element By : By.id: user_password
Found Element By : By.id: user_password
Trying to find Element By : By.xpath: //input[@type='submit']
Found Element By : By.xpath: //input[@type='submit']
Trying to click on: [[ChromeDriver: chrome on XP (c8b4235632a7aa1bf40767ef68249ff0)] -> xpath: //input[@type='submit']]
Clicked on: [[ChromeDriver: chrome on XP (c8b4235632a7aa1bf40767ef68249ff0)] -> xpath: //input[@type='submit']]
Trying to find Element By : By.xpath: //div[contains(text(),'Invalid'])
Exception occured: org.openqa.selenium.InvalidSelectorException: invalid selector: Unable to locate an element with the xpath expression //div[contains(text(),'Invalid']) because of the following error:
SyntaxError: Failed to execute 'evaluate' on 'Document': The string '//div[contains(text(),'Invalid'])' is not a valid XPath expression.
  (Session info: chrome=66.0.3359.139)
  (Driver info: chromedriver=2.36.540470 (e522d04694c7ebea4ba8821272dbef4f9b818c91),platform=Windows NT 6.2.9200 x86_64) (WARNING: The server did not provide any stacktrace information)
Command duration or timeout: 0 milliseconds
For documentation on this error, please visit: http://seleniumhq.org/exceptions/invalid_selector_exception.html
Build info: version: '3.12.0', revision: '7c6e0b3', time: '2018-05-08T14:04:26.12Z'
System info: host: 'MYDELLLAPTOP', ip: '192.168.43.83', os.name: 'Windows 8', os.arch: 'amd64', os.version: '6.2', java.version: '1.8.0_112'
Driver info: org.openqa.selenium.chrome.ChromeDriver
Capabilities {acceptInsecureCerts: false, acceptSslCerts: false, applicationCacheEnabled: false, browserConnectionEnabled: false, browserName: chrome, chrome: {chromedriverVersion: 2.36.540470 (e522d04694c7eb..., userDataDir: C:\Users\Nilesh\AppData\Loc...}, cssSelectorsEnabled: true, databaseEnabled: false, handlesAlerts: true, hasTouchScreen: false, javascriptEnabled: true, locationContextEnabled: true, mobileEmulationEnabled: false, nativeEvents: true, networkConnectionEnabled: false, pageLoadStrategy: normal, platform: XP, platformName: XP, rotatable: false, setWindowRect: true, takesHeapSnapshot: true, takesScreenshot: true, unexpectedAlertBehaviour: , unhandledPromptBehavior: , version: 66.0.3359.139, webStorageEnabled: true}
Session ID: c8b4235632a7aa1bf40767ef68249ff0
*** Element info: {Using=xpath, value=//div[contains(text(),'Invalid'])}
]]></system-out>
    <system-err><![CDATA[Starting ChromeDriver 2.36.540470 (e522d04694c7ebea4ba8821272dbef4f9b818c91) on port 19071
Only local connections are allowed.
Jul 04, 2018 9:08:09 AM org.openqa.selenium.remote.ProtocolHandshake createSession
INFO: Detected dialect: OSS
]]></system-err>
  </testcase>
  <testcase name="InvalidLoginTest" classname="com.qaclickacademy.tests.LoginTest" time="0">
    <skipped message="invalid selector: Unable to locate an element with the xpath expression //div[contains(text(),&apos;Invalid&apos;]) because of the following error:&#10;SyntaxError: Failed to execute &apos;evaluate&apos; on &apos;Document&apos;: The string &apos;//div[contains(text(),&apos;Invalid&apos;])&apos; is not a valid XPath expression.&#10;  (Session info: chrome=66.0.3359.139)&#10;  (Driver info: chromedriver=2.36.540470 (e522d04694c7ebea4ba8821272dbef4f9b818c91),platform=Windows NT 6.2.9200 x86_64) (WARNING: The server did not provide any stacktrace information)&#10;Command duration or timeout: 0 milliseconds&#10;For documentation on this error, please visit: http://seleniumhq.org/exceptions/invalid_selector_exception.html&#10;Build info: version: &apos;3.12.0&apos;, revision: &apos;7c6e0b3&apos;, time: &apos;2018-05-08T14:04:26.12Z&apos;&#10;System info: host: &apos;MYDELLLAPTOP&apos;, ip: &apos;192.168.43.83&apos;, os.name: &apos;Windows 8&apos;, os.arch: &apos;amd64&apos;, os.version: &apos;6.2&apos;, java.version: &apos;1.8.0_112&apos;&#10;Driver info: org.openqa.selenium.chrome.ChromeDriver&#10;Capabilities {acceptInsecureCerts: false, acceptSslCerts: false, applicationCacheEnabled: false, browserConnectionEnabled: false, browserName: chrome, chrome: {chromedriverVersion: 2.36.540470 (e522d04694c7eb..., userDataDir: C:\Users\Nilesh\AppData\Loc...}, cssSelectorsEnabled: true, databaseEnabled: false, handlesAlerts: true, hasTouchScreen: false, javascriptEnabled: true, locationContextEnabled: true, mobileEmulationEnabled: false, nativeEvents: true, networkConnectionEnabled: false, pageLoadStrategy: normal, platform: XP, platformName: XP, rotatable: false, setWindowRect: true, takesHeapSnapshot: true, takesScreenshot: true, unexpectedAlertBehaviour: , unhandledPromptBehavior: , version: 66.0.3359.139, webStorageEnabled: true}&#10;Session ID: e52f94fccb229c8ca1e95a3426e42f8d&#10;*** Element info: {Using=xpath, value=//div[contains(text(),&apos;Invalid&apos;])}"/>
    <system-out><![CDATA[Before navigating to: 'http://www.qaclickacademy.com/'
Navigated to:'http://www.qaclickacademy.com/'
Trying to find Element By : By.xpath: //*[@id='homepage']/div[5]/div[2]/div/div/div/span/div/div[6]/div/div/button
Found Element By : By.xpath: //*[@id='homepage']/div[5]/div[2]/div/div/div/span/div/div[6]/div/div/button
Trying to click on: [[ChromeDriver: chrome on XP (e52f94fccb229c8ca1e95a3426e42f8d)] -> xpath: //*[@id='homepage']/div[5]/div[2]/div/div/div/span/div/div[6]/div/div/button]
Clicked on: [[ChromeDriver: chrome on XP (e52f94fccb229c8ca1e95a3426e42f8d)] -> xpath: //*[@id='homepage']/div[5]/div[2]/div/div/div/span/div/div[6]/div/div/button]
Trying to find Element By : By.xpath: //span[contains(text(),'Login')]
Found Element By : By.xpath: //span[contains(text(),'Login')]
Trying to click on: [[ChromeDriver: chrome on XP (e52f94fccb229c8ca1e95a3426e42f8d)] -> xpath: //span[contains(text(),'Login')]]
Clicked on: [[ChromeDriver: chrome on XP (e52f94fccb229c8ca1e95a3426e42f8d)] -> xpath: //span[contains(text(),'Login')]]
Trying to find Element By : By.id: user_email
Found Element By : By.id: user_email
Trying to find Element By : By.id: user_password
Found Element By : By.id: user_password
Trying to find Element By : By.xpath: //input[@type='submit']
Found Element By : By.xpath: //input[@type='submit']
Trying to click on: [[ChromeDriver: chrome on XP (e52f94fccb229c8ca1e95a3426e42f8d)] -> xpath: //input[@type='submit']]
Clicked on: [[ChromeDriver: chrome on XP (e52f94fccb229c8ca1e95a3426e42f8d)] -> xpath: //input[@type='submit']]
Trying to find Element By : By.xpath: //div[contains(text(),'Invalid'])
Exception occured: org.openqa.selenium.InvalidSelectorException: invalid selector: Unable to locate an element with the xpath expression //div[contains(text(),'Invalid']) because of the following error:
SyntaxError: Failed to execute 'evaluate' on 'Document': The string '//div[contains(text(),'Invalid'])' is not a valid XPath expression.
  (Session info: chrome=66.0.3359.139)
  (Driver info: chromedriver=2.36.540470 (e522d04694c7ebea4ba8821272dbef4f9b818c91),platform=Windows NT 6.2.9200 x86_64) (WARNING: The server did not provide any stacktrace information)
Command duration or timeout: 0 milliseconds
For documentation on this error, please visit: http://seleniumhq.org/exceptions/invalid_selector_exception.html
Build info: version: '3.12.0', revision: '7c6e0b3', time: '2018-05-08T14:04:26.12Z'
System info: host: 'MYDELLLAPTOP', ip: '192.168.43.83', os.name: 'Windows 8', os.arch: 'amd64', os.version: '6.2', java.version: '1.8.0_112'
Driver info: org.openqa.selenium.chrome.ChromeDriver
Capabilities {acceptInsecureCerts: false, acceptSslCerts: false, applicationCacheEnabled: false, browserConnectionEnabled: false, browserName: chrome, chrome: {chromedriverVersion: 2.36.540470 (e522d04694c7eb..., userDataDir: C:\Users\Nilesh\AppData\Loc...}, cssSelectorsEnabled: true, databaseEnabled: false, handlesAlerts: true, hasTouchScreen: false, javascriptEnabled: true, locationContextEnabled: true, mobileEmulationEnabled: false, nativeEvents: true, networkConnectionEnabled: false, pageLoadStrategy: normal, platform: XP, platformName: XP, rotatable: false, setWindowRect: true, takesHeapSnapshot: true, takesScreenshot: true, unexpectedAlertBehaviour: , unhandledPromptBehavior: , version: 66.0.3359.139, webStorageEnabled: true}
Session ID: e52f94fccb229c8ca1e95a3426e42f8d
*** Element info: {Using=xpath, value=//div[contains(text(),'Invalid'])}
]]></system-out>
    <system-err><![CDATA[Starting ChromeDriver 2.36.540470 (e522d04694c7ebea4ba8821272dbef4f9b818c91) on port 20644
Only local connections are allowed.
Jul 04, 2018 9:09:09 AM org.openqa.selenium.remote.ProtocolHandshake createSession
INFO: Detected dialect: OSS
]]></system-err>
  </testcase>
  <testcase name="InvalidLoginTest" classname="com.qaclickacademy.tests.LoginTest" time="19.622">
    <failure message="invalid selector: Unable to locate an element with the xpath expression //div[contains(text(),&apos;Invalid&apos;]) because of the following error:&#10;SyntaxError: Failed to execute &apos;evaluate&apos; on &apos;Document&apos;: The string &apos;//div[contains(text(),&apos;Invalid&apos;])&apos; is not a valid XPath expression.&#10;  (Session info: chrome=66.0.3359.139)&#10;  (Driver info: chromedriver=2.36.540470 (e522d04694c7ebea4ba8821272dbef4f9b818c91),platform=Windows NT 6.2.9200 x86_64) (WARNING: The server did not provide any stacktrace information)&#10;Command duration or timeout: 0 milliseconds&#10;For documentation on this error, please visit: http://seleniumhq.org/exceptions/invalid_selector_exception.html&#10;Build info: version: &apos;3.12.0&apos;, revision: &apos;7c6e0b3&apos;, time: &apos;2018-05-08T14:04:26.12Z&apos;&#10;System info: host: &apos;MYDELLLAPTOP&apos;, ip: &apos;192.168.43.83&apos;, os.name: &apos;Windows 8&apos;, os.arch: &apos;amd64&apos;, os.version: &apos;6.2&apos;, java.version: &apos;1.8.0_112&apos;&#10;Driver info: org.openqa.selenium.chrome.ChromeDriver&#10;Capabilities {acceptInsecureCerts: false, acceptSslCerts: false, applicationCacheEnabled: false, browserConnectionEnabled: false, browserName: chrome, chrome: {chromedriverVersion: 2.36.540470 (e522d04694c7eb..., userDataDir: C:\Users\Nilesh\AppData\Loc...}, cssSelectorsEnabled: true, databaseEnabled: false, handlesAlerts: true, hasTouchScreen: false, javascriptEnabled: true, locationContextEnabled: true, mobileEmulationEnabled: false, nativeEvents: true, networkConnectionEnabled: false, pageLoadStrategy: normal, platform: XP, platformName: XP, rotatable: false, setWindowRect: true, takesHeapSnapshot: true, takesScreenshot: true, unexpectedAlertBehaviour: , unhandledPromptBehavior: , version: 66.0.3359.139, webStorageEnabled: true}&#10;Session ID: 41bbc0e0085bbaa76bf44bc11efea800&#10;*** Element info: {Using=xpath, value=//div[contains(text(),&apos;Invalid&apos;])}" type="org.openqa.selenium.InvalidSelectorException">org.openqa.selenium.InvalidSelectorException: 
invalid selector: Unable to locate an element with the xpath expression //div[contains(text(),'Invalid']) because of the following error:
SyntaxError: Failed to execute 'evaluate' on 'Document': The string '//div[contains(text(),'Invalid'])' is not a valid XPath expression.
  (Session info: chrome=66.0.3359.139)
  (Driver info: chromedriver=2.36.540470 (e522d04694c7ebea4ba8821272dbef4f9b818c91),platform=Windows NT 6.2.9200 x86_64) (WARNING: The server did not provide any stacktrace information)
Command duration or timeout: 0 milliseconds
For documentation on this error, please visit: http://seleniumhq.org/exceptions/invalid_selector_exception.html
Build info: version: '3.12.0', revision: '7c6e0b3', time: '2018-05-08T14:04:26.12Z'
System info: host: 'MYDELLLAPTOP', ip: '192.168.43.83', os.name: 'Windows 8', os.arch: 'amd64', os.version: '6.2', java.version: '1.8.0_112'
Driver info: org.openqa.selenium.chrome.ChromeDriver
Capabilities {acceptInsecureCerts: false, acceptSslCerts: false, applicationCacheEnabled: false, browserConnectionEnabled: false, browserName: chrome, chrome: {chromedriverVersion: 2.36.540470 (e522d04694c7eb..., userDataDir: C:\Users\Nilesh\AppData\Loc...}, cssSelectorsEnabled: true, databaseEnabled: false, handlesAlerts: true, hasTouchScreen: false, javascriptEnabled: true, locationContextEnabled: true, mobileEmulationEnabled: false, nativeEvents: true, networkConnectionEnabled: false, pageLoadStrategy: normal, platform: XP, platformName: XP, rotatable: false, setWindowRect: true, takesHeapSnapshot: true, takesScreenshot: true, unexpectedAlertBehaviour: , unhandledPromptBehavior: , version: 66.0.3359.139, webStorageEnabled: true}
Session ID: 41bbc0e0085bbaa76bf44bc11efea800
*** Element info: {Using=xpath, value=//div[contains(text(),'Invalid'])}
	at com.qaclickacademy.tests.LoginTest.InvalidLoginTest(LoginTest.java:41)
</failure>
    <system-out><![CDATA[Before navigating to: 'http://www.qaclickacademy.com/'
Navigated to:'http://www.qaclickacademy.com/'
Trying to find Element By : By.xpath: //*[@id='homepage']/div[5]/div[2]/div/div/div/span/div/div[6]/div/div/button
Found Element By : By.xpath: //*[@id='homepage']/div[5]/div[2]/div/div/div/span/div/div[6]/div/div/button
Trying to click on: [[ChromeDriver: chrome on XP (41bbc0e0085bbaa76bf44bc11efea800)] -> xpath: //*[@id='homepage']/div[5]/div[2]/div/div/div/span/div/div[6]/div/div/button]
Clicked on: [[ChromeDriver: chrome on XP (41bbc0e0085bbaa76bf44bc11efea800)] -> xpath: //*[@id='homepage']/div[5]/div[2]/div/div/div/span/div/div[6]/div/div/button]
Trying to find Element By : By.xpath: //span[contains(text(),'Login')]
Found Element By : By.xpath: //span[contains(text(),'Login')]
Trying to click on: [[ChromeDriver: chrome on XP (41bbc0e0085bbaa76bf44bc11efea800)] -> xpath: //span[contains(text(),'Login')]]
Clicked on: [[ChromeDriver: chrome on XP (41bbc0e0085bbaa76bf44bc11efea800)] -> xpath: //span[contains(text(),'Login')]]
Trying to find Element By : By.id: user_email
Found Element By : By.id: user_email
Trying to find Element By : By.id: user_password
Found Element By : By.id: user_password
Trying to find Element By : By.xpath: //input[@type='submit']
Found Element By : By.xpath: //input[@type='submit']
Trying to click on: [[ChromeDriver: chrome on XP (41bbc0e0085bbaa76bf44bc11efea800)] -> xpath: //input[@type='submit']]
Clicked on: [[ChromeDriver: chrome on XP (41bbc0e0085bbaa76bf44bc11efea800)] -> xpath: //input[@type='submit']]
Trying to find Element By : By.xpath: //div[contains(text(),'Invalid'])
Exception occured: org.openqa.selenium.InvalidSelectorException: invalid selector: Unable to locate an element with the xpath expression //div[contains(text(),'Invalid']) because of the following error:
SyntaxError: Failed to execute 'evaluate' on 'Document': The string '//div[contains(text(),'Invalid'])' is not a valid XPath expression.
  (Session info: chrome=66.0.3359.139)
  (Driver info: chromedriver=2.36.540470 (e522d04694c7ebea4ba8821272dbef4f9b818c91),platform=Windows NT 6.2.9200 x86_64) (WARNING: The server did not provide any stacktrace information)
Command duration or timeout: 0 milliseconds
For documentation on this error, please visit: http://seleniumhq.org/exceptions/invalid_selector_exception.html
Build info: version: '3.12.0', revision: '7c6e0b3', time: '2018-05-08T14:04:26.12Z'
System info: host: 'MYDELLLAPTOP', ip: '192.168.43.83', os.name: 'Windows 8', os.arch: 'amd64', os.version: '6.2', java.version: '1.8.0_112'
Driver info: org.openqa.selenium.chrome.ChromeDriver
Capabilities {acceptInsecureCerts: false, acceptSslCerts: false, applicationCacheEnabled: false, browserConnectionEnabled: false, browserName: chrome, chrome: {chromedriverVersion: 2.36.540470 (e522d04694c7eb..., userDataDir: C:\Users\Nilesh\AppData\Loc...}, cssSelectorsEnabled: true, databaseEnabled: false, handlesAlerts: true, hasTouchScreen: false, javascriptEnabled: true, locationContextEnabled: true, mobileEmulationEnabled: false, nativeEvents: true, networkConnectionEnabled: false, pageLoadStrategy: normal, platform: XP, platformName: XP, rotatable: false, setWindowRect: true, takesHeapSnapshot: true, takesScreenshot: true, unexpectedAlertBehaviour: , unhandledPromptBehavior: , version: 66.0.3359.139, webStorageEnabled: true}
Session ID: 41bbc0e0085bbaa76bf44bc11efea800
*** Element info: {Using=xpath, value=//div[contains(text(),'Invalid'])}
]]></system-out>
    <system-err><![CDATA[Starting ChromeDriver 2.36.540470 (e522d04694c7ebea4ba8821272dbef4f9b818c91) on port 25119
Only local connections are allowed.
Jul 04, 2018 9:09:41 AM org.openqa.selenium.remote.ProtocolHandshake createSession
INFO: Detected dialect: OSS
]]></system-err>
  </testcase>
</testsuite>