<?xml version="1.0" encoding="UTF-8"?>
<!-- Generated by org.testng.reporters.JUnitReportReporter -->
<testsuite skipped="0" hostname="MyDellLaptop" name="com.qaclickacademy.tests.HomeTest" tests="2" failures="0" timestamp="04 Jul 2018 03:18:06 GMT" time="169.944" errors="0">
  <testcase name="clickLoginbtnTest" time="79.903" classname="com.qaclickacademy.tests.HomeTest"/>
  <testcase name="clickPracticeLinkTest" time="90.041" classname="com.qaclickacademy.tests.HomeTest"/>
</testsuite> <!-- com.qaclickacademy.tests.HomeTest -->
