<?xml version="1.0" encoding="UTF-8"?>
<!-- Generated by org.testng.reporters.JUnitReportReporter -->
<testsuite skipped="0" hostname="MyDellLaptop" name="com.qaclickacademy.tests.HomeTest" tests="2" failures="0" timestamp="26 Jun 2018 02:17:19 GMT" time="64.547" errors="0">
  <testcase name="clickLoginbtnTest" time="35.731" classname="com.qaclickacademy.tests.HomeTest"/>
  <testcase name="clickPracticeLinkTest" time="28.816" classname="com.qaclickacademy.tests.HomeTest"/>
</testsuite> <!-- com.qaclickacademy.tests.HomeTest -->
