<?xml version="1.0" encoding="UTF-8"?>
<!-- Generated by org.testng.reporters.JUnitReportReporter -->
<testsuite skipped="0" hostname="MyDellLaptop" name="com.qaclickacademy.tests.PracticeTest" tests="3" failures="0" timestamp="04 Jul 2018 03:18:06 GMT" time="228.389" errors="0">
  <testcase name="enterinfoTest" time="81.375" classname="com.qaclickacademy.tests.PracticeTest"/>
  <testcase name="enterinfoTest" time="96.971" classname="com.qaclickacademy.tests.PracticeTest"/>
  <testcase name="enterinfoTest" time="50.043" classname="com.qaclickacademy.tests.PracticeTest"/>
</testsuite> <!-- com.qaclickacademy.tests.PracticeTest -->
