<?xml version="1.0" encoding="UTF-8"?>
<!-- Generated by org.testng.reporters.JUnitReportReporter -->
<testsuite skipped="0" hostname="MyDellLaptop" name="com.qaclickacademy.tests.PracticeTest" tests="3" failures="0" timestamp="26 Jun 2018 02:17:19 GMT" time="159.939" errors="0">
  <testcase name="enterinfoTest" time="59.550" classname="com.qaclickacademy.tests.PracticeTest"/>
  <testcase name="enterinfoTest" time="55.977" classname="com.qaclickacademy.tests.PracticeTest"/>
  <testcase name="enterinfoTest" time="44.412" classname="com.qaclickacademy.tests.PracticeTest"/>
</testsuite> <!-- com.qaclickacademy.tests.PracticeTest -->
